<?xml version="1.0" encoding="UTF-8"?>
<coverage generated="1682085153179" clover="3.2.0">
  <project timestamp="1682085153179" name="All files">
    <metrics statements="21" coveredstatements="21" conditionals="8" coveredconditionals="8" methods="4" coveredmethods="4" elements="33" coveredelements="33" complexity="0" loc="21" ncloc="21" packages="1" files="2" classes="2"/>
    <file name="getdiffflat.js" path="/home/vitaly/frontend-project-46/src/getdiffflat.js">
      <metrics statements="15" coveredstatements="15" conditionals="8" coveredconditionals="8" methods="2" coveredmethods="2"/>
      <line num="4" count="1" type="stmt"/>
      <line num="5" count="5" type="cond" truecount="4" falsecount="0"/>
      <line num="6" count="2" type="cond" truecount="2" falsecount="0"/>
      <line num="10" count="3" type="cond" truecount="2" falsecount="0"/>
      <line num="11" count="2" type="stmt"/>
      <line num="13" count="1" type="stmt"/>
      <line num="16" count="1" type="stmt"/>
      <line num="17" count="1" type="stmt"/>
      <line num="18" count="1" type="stmt"/>
      <line num="19" count="1" type="stmt"/>
      <line num="21" count="1" type="stmt"/>
      <line num="23" count="1" type="stmt"/>
      <line num="24" count="5" type="stmt"/>
      <line num="26" count="1" type="stmt"/>
      <line num="27" count="1" type="stmt"/>
    </file>
    <file name="utils.js" path="/home/vitaly/frontend-project-46/src/utils.js">
      <metrics statements="6" coveredstatements="6" conditionals="0" coveredconditionals="0" methods="2" coveredmethods="2"/>
      <line num="5" count="2" type="stmt"/>
      <line num="6" count="2" type="stmt"/>
      <line num="10" count="2" type="stmt"/>
      <line num="13" count="2" type="stmt"/>
      <line num="14" count="3" type="stmt"/>
      <line num="15" count="3" type="stmt"/>
    </file>
  </project>
</coverage>
