TN:
SF:getdiffflat.js
FN:4,(anonymous_0)
FN:16,(anonymous_1)
FNF:2
FNH:2
FNDA:5,(anonymous_0)
FNDA:1,(anonymous_1)
DA:4,1
DA:5,5
DA:6,2
DA:10,3
DA:11,2
DA:13,1
DA:16,1
DA:17,1
DA:18,1
DA:19,1
DA:21,1
DA:23,1
DA:24,5
DA:26,1
DA:27,1
LF:15
LH:15
BRDA:5,0,0,2
BRDA:5,0,1,3
BRDA:5,1,0,5
BRDA:5,1,1,4
BRDA:6,2,0,1
BRDA:6,2,1,1
BRDA:10,3,0,2
BRDA:10,3,1,1
BRF:8
BRH:8
end_of_record
TN:
SF:utils.js
FN:5,(anonymous_0)
FN:13,(anonymous_1)
FNF:2
FNH:2
FNDA:2,(anonymous_0)
FNDA:3,(anonymous_1)
DA:5,2
DA:6,2
DA:10,2
DA:13,2
DA:14,3
DA:15,3
LF:6
LH:6
BRF:0
BRH:0
end_of_record
